{"C:\\Users\\Aratorn\\Desktop\\Custom-Lodash\\source\\Implemented\\length.js": {"path":"C:\\Users\\Aratorn\\Desktop\\Custom-Lodash\\source\\Implemented\\length.js","statementMap":{"0":{"start":{"line":8,"column":10},"end":{"line":8,"column":11}},"1":{"start":{"line":9,"column":2},"end":{"line":11,"column":3}},"2":{"start":{"line":10,"column":4},"end":{"line":10,"column":8}},"3":{"start":{"line":12,"column":2},"end":{"line":12,"column":11}},"4":{"start":{"line":15,"column":0},"end":{"line":15,"column":24}}},"fnMap":{"0":{"name":"length","decl":{"start":{"line":7,"column":9},"end":{"line":7,"column":15}},"loc":{"start":{"line":7,"column":23},"end":{"line":13,"column":1}},"line":7}},"branchMap":{},"s":{"0":54,"1":54,"2":191,"3":54,"4":9},"f":{"0":54},"b":{},"_coverageSchema":"1a1c01bbd47fc00a2c39e90264f33305004495a9","hash":"bb117a3f74a1b6632b914de37c3a918e49d402c1"}
,"C:\\Users\\Aratorn\\Desktop\\Custom-Lodash\\source\\Implemented\\push.js": {"path":"C:\\Users\\Aratorn\\Desktop\\Custom-Lodash\\source\\Implemented\\push.js","statementMap":{"0":{"start":{"line":8,"column":4},"end":{"line":8,"column":31}},"1":{"start":{"line":11,"column":0},"end":{"line":11,"column":22}}},"fnMap":{"0":{"name":"push","decl":{"start":{"line":7,"column":9},"end":{"line":7,"column":13}},"loc":{"start":{"line":7,"column":30},"end":{"line":9,"column":1}},"line":7}},"branchMap":{},"s":{"0":25,"1":8},"f":{"0":25},"b":{},"_coverageSchema":"1a1c01bbd47fc00a2c39e90264f33305004495a9","hash":"01d9b16fa838cfe3b4720b5eb4b28578ab5260e3"}
,"C:\\Users\\Aratorn\\Desktop\\Custom-Lodash\\source\\arrays\\chunck.js": {"path":"C:\\Users\\Aratorn\\Desktop\\Custom-Lodash\\source\\arrays\\chunck.js","statementMap":{"0":{"start":{"line":1,"column":15},"end":{"line":1,"column":47}},"1":{"start":{"line":2,"column":13},"end":{"line":2,"column":43}},"2":{"start":{"line":13,"column":2},"end":{"line":27,"column":3}},"3":{"start":{"line":14,"column":4},"end":{"line":14,"column":14}},"4":{"start":{"line":16,"column":17},"end":{"line":16,"column":19}},"5":{"start":{"line":16,"column":32},"end":{"line":16,"column":34}},"6":{"start":{"line":16,"column":47},"end":{"line":16,"column":48}},"7":{"start":{"line":17,"column":2},"end":{"line":25,"column":3}},"8":{"start":{"line":17,"column":15},"end":{"line":17,"column":16}},"9":{"start":{"line":18,"column":16},"end":{"line":18,"column":24}},"10":{"start":{"line":19,"column":4},"end":{"line":19,"column":31}},"11":{"start":{"line":20,"column":4},"end":{"line":24,"column":5}},"12":{"start":{"line":21,"column":6},"end":{"line":21,"column":38}},"13":{"start":{"line":22,"column":6},"end":{"line":22,"column":20}},"14":{"start":{"line":23,"column":6},"end":{"line":23,"column":17}},"15":{"start":{"line":26,"column":2},"end":{"line":26,"column":16}},"16":{"start":{"line":30,"column":0},"end":{"line":30,"column":23}}},"fnMap":{"0":{"name":"chunk","decl":{"start":{"line":12,"column":9},"end":{"line":12,"column":14}},"loc":{"start":{"line":12,"column":32},"end":{"line":28,"column":1}},"line":12}},"branchMap":{"0":{"loc":{"start":{"line":12,"column":22},"end":{"line":12,"column":30}},"type":"default-arg","locations":[{"start":{"line":12,"column":29},"end":{"line":12,"column":30}}],"line":12},"1":{"loc":{"start":{"line":13,"column":2},"end":{"line":27,"column":3}},"type":"if","locations":[{"start":{"line":13,"column":2},"end":{"line":27,"column":3}},{"start":{"line":15,"column":7},"end":{"line":27,"column":3}}],"line":13},"2":{"loc":{"start":{"line":20,"column":4},"end":{"line":24,"column":5}},"type":"if","locations":[{"start":{"line":20,"column":4},"end":{"line":24,"column":5}},{"start":{},"end":{}}],"line":20},"3":{"loc":{"start":{"line":20,"column":8},"end":{"line":20,"column":53}},"type":"binary-expr","locations":[{"start":{"line":20,"column":8},"end":{"line":20,"column":26}},{"start":{"line":20,"column":30},"end":{"line":20,"column":53}}],"line":20}},"s":{"0":1,"1":1,"2":3,"3":1,"4":2,"5":2,"6":2,"7":2,"8":2,"9":8,"10":8,"11":8,"12":6,"13":6,"14":6,"15":2,"16":1},"f":{"0":3},"b":{"0":[1],"1":[1,2],"2":[6,2],"3":[8,3]},"_coverageSchema":"1a1c01bbd47fc00a2c39e90264f33305004495a9","hash":"8410fb7d1f728735a8680d793d7c9155d409f1a6"}
,"C:\\Users\\Aratorn\\Desktop\\Custom-Lodash\\source\\arrays\\compact.js": {"path":"C:\\Users\\Aratorn\\Desktop\\Custom-Lodash\\source\\arrays\\compact.js","statementMap":{"0":{"start":{"line":1,"column":15},"end":{"line":1,"column":47}},"1":{"start":{"line":2,"column":13},"end":{"line":2,"column":43}},"2":{"start":{"line":12,"column":13},"end":{"line":12,"column":15}},"3":{"start":{"line":13,"column":3},"end":{"line":17,"column":4}},"4":{"start":{"line":13,"column":15},"end":{"line":13,"column":16}},"5":{"start":{"line":14,"column":7},"end":{"line":16,"column":8}},"6":{"start":{"line":15,"column":11},"end":{"line":15,"column":37}},"7":{"start":{"line":18,"column":3},"end":{"line":18,"column":14}},"8":{"start":{"line":21,"column":0},"end":{"line":21,"column":25}}},"fnMap":{"0":{"name":"compact","decl":{"start":{"line":11,"column":9},"end":{"line":11,"column":16}},"loc":{"start":{"line":11,"column":24},"end":{"line":19,"column":1}},"line":11}},"branchMap":{"0":{"loc":{"start":{"line":14,"column":7},"end":{"line":16,"column":8}},"type":"if","locations":[{"start":{"line":14,"column":7},"end":{"line":16,"column":8}},{"start":{},"end":{}}],"line":14}},"s":{"0":1,"1":1,"2":1,"3":1,"4":1,"5":6,"6":3,"7":1,"8":1},"f":{"0":1},"b":{"0":[3,3]},"_coverageSchema":"1a1c01bbd47fc00a2c39e90264f33305004495a9","hash":"53d62abb4f475d10785dfff1f8c180797138990c"}
,"C:\\Users\\Aratorn\\Desktop\\Custom-Lodash\\source\\arrays\\drop.js": {"path":"C:\\Users\\Aratorn\\Desktop\\Custom-Lodash\\source\\arrays\\drop.js","statementMap":{"0":{"start":{"line":1,"column":15},"end":{"line":1,"column":47}},"1":{"start":{"line":2,"column":13},"end":{"line":2,"column":43}},"2":{"start":{"line":12,"column":12},"end":{"line":12,"column":14}},"3":{"start":{"line":13,"column":2},"end":{"line":15,"column":3}},"4":{"start":{"line":13,"column":14},"end":{"line":13,"column":15}},"5":{"start":{"line":14,"column":4},"end":{"line":14,"column":30}},"6":{"start":{"line":16,"column":2},"end":{"line":16,"column":13}},"7":{"start":{"line":19,"column":0},"end":{"line":19,"column":22}}},"fnMap":{"0":{"name":"drop","decl":{"start":{"line":11,"column":9},"end":{"line":11,"column":13}},"loc":{"start":{"line":11,"column":28},"end":{"line":17,"column":1}},"line":11}},"branchMap":{"0":{"loc":{"start":{"line":11,"column":21},"end":{"line":11,"column":26}},"type":"default-arg","locations":[{"start":{"line":11,"column":25},"end":{"line":11,"column":26}}],"line":11}},"s":{"0":1,"1":1,"2":3,"3":3,"4":3,"5":3,"6":3,"7":1},"f":{"0":3},"b":{"0":[1]},"_coverageSchema":"1a1c01bbd47fc00a2c39e90264f33305004495a9","hash":"23b24962377730d2fec12b23735233d39e23770d"}
,"C:\\Users\\Aratorn\\Desktop\\Custom-Lodash\\source\\arrays\\dropWhile.js": {"path":"C:\\Users\\Aratorn\\Desktop\\Custom-Lodash\\source\\arrays\\dropWhile.js","statementMap":{"0":{"start":{"line":1,"column":15},"end":{"line":1,"column":47}},"1":{"start":{"line":2,"column":13},"end":{"line":2,"column":43}},"2":{"start":{"line":14,"column":14},"end":{"line":14,"column":15}},"3":{"start":{"line":15,"column":12},"end":{"line":15,"column":14}},"4":{"start":{"line":16,"column":2},"end":{"line":21,"column":3}},"5":{"start":{"line":16,"column":14},"end":{"line":16,"column":15}},"6":{"start":{"line":17,"column":4},"end":{"line":20,"column":5}},"7":{"start":{"line":18,"column":6},"end":{"line":18,"column":16}},"8":{"start":{"line":19,"column":6},"end":{"line":19,"column":12}},"9":{"start":{"line":23,"column":2},"end":{"line":28,"column":3}},"10":{"start":{"line":24,"column":4},"end":{"line":24,"column":14}},"11":{"start":{"line":26,"column":2},"end":{"line":28,"column":3}},"12":{"start":{"line":26,"column":14},"end":{"line":26,"column":15}},"13":{"start":{"line":27,"column":4},"end":{"line":27,"column":30}},"14":{"start":{"line":29,"column":2},"end":{"line":29,"column":13}},"15":{"start":{"line":33,"column":0},"end":{"line":33,"column":27}}},"fnMap":{"0":{"name":"dropWhile","decl":{"start":{"line":13,"column":9},"end":{"line":13,"column":18}},"loc":{"start":{"line":13,"column":37},"end":{"line":31,"column":1}},"line":13}},"branchMap":{"0":{"loc":{"start":{"line":17,"column":4},"end":{"line":20,"column":5}},"type":"if","locations":[{"start":{"line":17,"column":4},"end":{"line":20,"column":5}},{"start":{},"end":{}}],"line":17},"1":{"loc":{"start":{"line":23,"column":2},"end":{"line":28,"column":3}},"type":"if","locations":[{"start":{"line":23,"column":2},"end":{"line":28,"column":3}},{"start":{"line":26,"column":2},"end":{"line":28,"column":3}}],"line":23}},"s":{"0":1,"1":1,"2":1,"3":1,"4":1,"5":1,"6":3,"7":1,"8":1,"9":1,"10":0,"11":1,"12":1,"13":2,"14":1,"15":1},"f":{"0":1},"b":{"0":[1,2],"1":[0,1]},"_coverageSchema":"1a1c01bbd47fc00a2c39e90264f33305004495a9","hash":"1be03a6d57e7f49ad9c7e4ad072e5a31a69e0920"}
,"C:\\Users\\Aratorn\\Desktop\\Custom-Lodash\\source\\arrays\\filter.js": {"path":"C:\\Users\\Aratorn\\Desktop\\Custom-Lodash\\source\\arrays\\filter.js","statementMap":{"0":{"start":{"line":1,"column":13},"end":{"line":1,"column":43}},"1":{"start":{"line":2,"column":15},"end":{"line":2,"column":47}},"2":{"start":{"line":13,"column":12},"end":{"line":13,"column":14}},"3":{"start":{"line":14,"column":2},"end":{"line":18,"column":3}},"4":{"start":{"line":14,"column":14},"end":{"line":14,"column":15}},"5":{"start":{"line":15,"column":6},"end":{"line":17,"column":7}},"6":{"start":{"line":16,"column":10},"end":{"line":16,"column":41}},"7":{"start":{"line":19,"column":2},"end":{"line":19,"column":13}},"8":{"start":{"line":22,"column":0},"end":{"line":22,"column":24}}},"fnMap":{"0":{"name":"filter","decl":{"start":{"line":12,"column":9},"end":{"line":12,"column":15}},"loc":{"start":{"line":12,"column":39},"end":{"line":20,"column":1}},"line":12}},"branchMap":{"0":{"loc":{"start":{"line":15,"column":6},"end":{"line":17,"column":7}},"type":"if","locations":[{"start":{"line":15,"column":6},"end":{"line":17,"column":7}},{"start":{},"end":{}}],"line":15}},"s":{"0":1,"1":1,"2":1,"3":1,"4":1,"5":2,"6":1,"7":1,"8":1},"f":{"0":1},"b":{"0":[1,1]},"_coverageSchema":"1a1c01bbd47fc00a2c39e90264f33305004495a9","hash":"6f4700b7db53bcc5012054da68f7951f5895d7bf"}
,"C:\\Users\\Aratorn\\Desktop\\Custom-Lodash\\source\\arrays\\find.js": {"path":"C:\\Users\\Aratorn\\Desktop\\Custom-Lodash\\source\\arrays\\find.js","statementMap":{"0":{"start":{"line":1,"column":15},"end":{"line":1,"column":47}},"1":{"start":{"line":2,"column":13},"end":{"line":2,"column":43}},"2":{"start":{"line":16,"column":12},"end":{"line":16,"column":14}},"3":{"start":{"line":17,"column":2},"end":{"line":22,"column":3}},"4":{"start":{"line":17,"column":14},"end":{"line":17,"column":23}},"5":{"start":{"line":18,"column":4},"end":{"line":21,"column":5}},"6":{"start":{"line":19,"column":6},"end":{"line":19,"column":37}},"7":{"start":{"line":20,"column":6},"end":{"line":20,"column":12}},"8":{"start":{"line":23,"column":2},"end":{"line":23,"column":13}},"9":{"start":{"line":26,"column":0},"end":{"line":26,"column":22}}},"fnMap":{"0":{"name":"find","decl":{"start":{"line":15,"column":9},"end":{"line":15,"column":13}},"loc":{"start":{"line":15,"column":52},"end":{"line":24,"column":1}},"line":15}},"branchMap":{"0":{"loc":{"start":{"line":15,"column":37},"end":{"line":15,"column":50}},"type":"default-arg","locations":[{"start":{"line":15,"column":49},"end":{"line":15,"column":50}}],"line":15},"1":{"loc":{"start":{"line":18,"column":4},"end":{"line":21,"column":5}},"type":"if","locations":[{"start":{"line":18,"column":4},"end":{"line":21,"column":5}},{"start":{},"end":{}}],"line":18}},"s":{"0":1,"1":1,"2":1,"3":1,"4":1,"5":1,"6":1,"7":1,"8":1,"9":1},"f":{"0":1},"b":{"0":[1],"1":[1,0]},"_coverageSchema":"1a1c01bbd47fc00a2c39e90264f33305004495a9","hash":"ed9962cbf8b8dc42c667c5e112e208e2444445e4"}
,"C:\\Users\\Aratorn\\Desktop\\Custom-Lodash\\source\\arrays\\includes.js": {"path":"C:\\Users\\Aratorn\\Desktop\\Custom-Lodash\\source\\arrays\\includes.js","statementMap":{"0":{"start":{"line":1,"column":15},"end":{"line":1,"column":47}},"1":{"start":{"line":14,"column":2},"end":{"line":18,"column":3}},"2":{"start":{"line":14,"column":14},"end":{"line":14,"column":23}},"3":{"start":{"line":15,"column":4},"end":{"line":17,"column":5}},"4":{"start":{"line":16,"column":6},"end":{"line":16,"column":18}},"5":{"start":{"line":19,"column":2},"end":{"line":19,"column":15}},"6":{"start":{"line":22,"column":0},"end":{"line":22,"column":26}}},"fnMap":{"0":{"name":"includes","decl":{"start":{"line":13,"column":9},"end":{"line":13,"column":17}},"loc":{"start":{"line":13,"column":47},"end":{"line":20,"column":1}},"line":13}},"branchMap":{"0":{"loc":{"start":{"line":13,"column":32},"end":{"line":13,"column":45}},"type":"default-arg","locations":[{"start":{"line":13,"column":44},"end":{"line":13,"column":45}}],"line":13},"1":{"loc":{"start":{"line":15,"column":4},"end":{"line":17,"column":5}},"type":"if","locations":[{"start":{"line":15,"column":4},"end":{"line":17,"column":5}},{"start":{},"end":{}}],"line":15}},"s":{"0":1,"1":3,"2":3,"3":4,"4":2,"5":1,"6":1},"f":{"0":3},"b":{"0":[2],"1":[2,2]},"_coverageSchema":"1a1c01bbd47fc00a2c39e90264f33305004495a9","hash":"eeb5dbf4ba968d12d681f7dd15bfa575188c3144"}
,"C:\\Users\\Aratorn\\Desktop\\Custom-Lodash\\source\\arrays\\map.js": {"path":"C:\\Users\\Aratorn\\Desktop\\Custom-Lodash\\source\\arrays\\map.js","statementMap":{"0":{"start":{"line":1,"column":15},"end":{"line":1,"column":47}},"1":{"start":{"line":2,"column":13},"end":{"line":2,"column":43}},"2":{"start":{"line":11,"column":43},"end":{"line":11,"column":44}},"3":{"start":{"line":13,"column":14},"end":{"line":13,"column":82}},"4":{"start":{"line":14,"column":15},"end":{"line":14,"column":17}},"5":{"start":{"line":16,"column":2},"end":{"line":19,"column":3}},"6":{"start":{"line":16,"column":15},"end":{"line":16,"column":16}},"7":{"start":{"line":17,"column":16},"end":{"line":17,"column":44}},"8":{"start":{"line":18,"column":4},"end":{"line":18,"column":33}},"9":{"start":{"line":20,"column":2},"end":{"line":20,"column":16}},"10":{"start":{"line":23,"column":0},"end":{"line":23,"column":21}}},"fnMap":{"0":{"name":"map","decl":{"start":{"line":11,"column":9},"end":{"line":11,"column":12}},"loc":{"start":{"line":11,"column":46},"end":{"line":21,"column":1}},"line":11},"1":{"name":"(anonymous_1)","decl":{"start":{"line":11,"column":36},"end":{"line":11,"column":37}},"loc":{"start":{"line":11,"column":43},"end":{"line":11,"column":44}},"line":11}},"branchMap":{"0":{"loc":{"start":{"line":11,"column":25},"end":{"line":11,"column":44}},"type":"default-arg","locations":[{"start":{"line":11,"column":36},"end":{"line":11,"column":44}}],"line":11},"1":{"loc":{"start":{"line":13,"column":14},"end":{"line":13,"column":82}},"type":"cond-expr","locations":[{"start":{"line":13,"column":44},"end":{"line":13,"column":54}},{"start":{"line":13,"column":57},"end":{"line":13,"column":82}}],"line":13}},"s":{"0":1,"1":1,"2":2,"3":3,"4":3,"5":3,"6":3,"7":6,"8":6,"9":3,"10":1},"f":{"0":3,"1":2},"b":{"0":[1],"1":[2,1]},"_coverageSchema":"1a1c01bbd47fc00a2c39e90264f33305004495a9","hash":"025a89fe08bfb41c638823591c8a17e4ea8cf99d"}
,"C:\\Users\\Aratorn\\Desktop\\Custom-Lodash\\source\\arrays\\take.js": {"path":"C:\\Users\\Aratorn\\Desktop\\Custom-Lodash\\source\\arrays\\take.js","statementMap":{"0":{"start":{"line":1,"column":15},"end":{"line":1,"column":47}},"1":{"start":{"line":2,"column":13},"end":{"line":2,"column":43}},"2":{"start":{"line":11,"column":12},"end":{"line":11,"column":14}},"3":{"start":{"line":12,"column":2},"end":{"line":17,"column":3}},"4":{"start":{"line":13,"column":4},"end":{"line":13,"column":17}},"5":{"start":{"line":15,"column":2},"end":{"line":17,"column":3}},"6":{"start":{"line":15,"column":14},"end":{"line":15,"column":15}},"7":{"start":{"line":16,"column":4},"end":{"line":16,"column":30}},"8":{"start":{"line":18,"column":2},"end":{"line":18,"column":13}},"9":{"start":{"line":21,"column":0},"end":{"line":21,"column":22}}},"fnMap":{"0":{"name":"take","decl":{"start":{"line":10,"column":9},"end":{"line":10,"column":13}},"loc":{"start":{"line":10,"column":28},"end":{"line":19,"column":1}},"line":10}},"branchMap":{"0":{"loc":{"start":{"line":10,"column":21},"end":{"line":10,"column":26}},"type":"default-arg","locations":[{"start":{"line":10,"column":25},"end":{"line":10,"column":26}}],"line":10},"1":{"loc":{"start":{"line":12,"column":2},"end":{"line":17,"column":3}},"type":"if","locations":[{"start":{"line":12,"column":2},"end":{"line":17,"column":3}},{"start":{"line":15,"column":2},"end":{"line":17,"column":3}}],"line":12}},"s":{"0":1,"1":1,"2":4,"3":4,"4":1,"5":3,"6":3,"7":3,"8":3,"9":1},"f":{"0":4},"b":{"0":[1],"1":[1,3]},"_coverageSchema":"1a1c01bbd47fc00a2c39e90264f33305004495a9","hash":"af2afd7020f72dd60515b6c2fbede02050a4ab3c"}
,"C:\\Users\\Aratorn\\Desktop\\Custom-Lodash\\source\\arrays\\zip.js": {"path":"C:\\Users\\Aratorn\\Desktop\\Custom-Lodash\\source\\arrays\\zip.js","statementMap":{"0":{"start":{"line":15,"column":0},"end":{"line":15,"column":21}}},"fnMap":{"0":{"name":"zip","decl":{"start":{"line":10,"column":9},"end":{"line":10,"column":12}},"loc":{"start":{"line":10,"column":24},"end":{"line":12,"column":1}},"line":10}},"branchMap":{},"s":{"0":1},"f":{"0":2},"b":{},"_coverageSchema":"1a1c01bbd47fc00a2c39e90264f33305004495a9","hash":"f1416c22563fc2fd6b9afb69b677113f3c63be42"}
,"C:\\Users\\Aratorn\\Desktop\\Custom-Lodash\\source\\objects\\merge.js": {"path":"C:\\Users\\Aratorn\\Desktop\\Custom-Lodash\\source\\objects\\merge.js","statementMap":{"0":{"start":{"line":17,"column":4},"end":{"line":19,"column":5}},"1":{"start":{"line":18,"column":6},"end":{"line":18,"column":31}},"2":{"start":{"line":21,"column":4},"end":{"line":21,"column":18}},"3":{"start":{"line":24,"column":2},"end":{"line":24,"column":25}}},"fnMap":{"0":{"name":"merge","decl":{"start":{"line":15,"column":9},"end":{"line":15,"column":14}},"loc":{"start":{"line":15,"column":30},"end":{"line":22,"column":3}},"line":15}},"branchMap":{},"s":{"0":3,"1":8,"2":3,"3":1},"f":{"0":3},"b":{},"_coverageSchema":"1a1c01bbd47fc00a2c39e90264f33305004495a9","hash":"762badd0948d3702f9a065e0c630356aaf0ed5c9"}
,"C:\\Users\\Aratorn\\Desktop\\Custom-Lodash\\source\\objects\\omit.js": {"path":"C:\\Users\\Aratorn\\Desktop\\Custom-Lodash\\source\\objects\\omit.js","statementMap":{"0":{"start":{"line":11,"column":16},"end":{"line":11,"column":22}},"1":{"start":{"line":12,"column":4},"end":{"line":19,"column":5}},"2":{"start":{"line":13,"column":8},"end":{"line":18,"column":9}},"3":{"start":{"line":14,"column":12},"end":{"line":17,"column":13}},"4":{"start":{"line":15,"column":16},"end":{"line":15,"column":41}},"5":{"start":{"line":16,"column":16},"end":{"line":16,"column":33}},"6":{"start":{"line":20,"column":4},"end":{"line":20,"column":15}},"7":{"start":{"line":23,"column":0},"end":{"line":23,"column":22}}},"fnMap":{"0":{"name":"omit","decl":{"start":{"line":10,"column":10},"end":{"line":10,"column":14}},"loc":{"start":{"line":10,"column":30},"end":{"line":21,"column":1}},"line":10}},"branchMap":{"0":{"loc":{"start":{"line":14,"column":12},"end":{"line":17,"column":13}},"type":"if","locations":[{"start":{"line":14,"column":12},"end":{"line":17,"column":13}},{"start":{},"end":{}}],"line":14}},"s":{"0":1,"1":1,"2":3,"3":6,"4":2,"5":2,"6":1,"7":1},"f":{"0":1},"b":{"0":[2,4]},"_coverageSchema":"1a1c01bbd47fc00a2c39e90264f33305004495a9","hash":"0222627ea6c7634b28e86aa2c99d789af71adf8a"}
,"C:\\Users\\Aratorn\\Desktop\\Custom-Lodash\\source\\objects\\omitBy.js": {"path":"C:\\Users\\Aratorn\\Desktop\\Custom-Lodash\\source\\objects\\omitBy.js","statementMap":{"0":{"start":{"line":14,"column":19},"end":{"line":14,"column":21}},"1":{"start":{"line":15,"column":4},"end":{"line":19,"column":5}},"2":{"start":{"line":16,"column":8},"end":{"line":18,"column":9}},"3":{"start":{"line":17,"column":12},"end":{"line":17,"column":35}},"4":{"start":{"line":20,"column":4},"end":{"line":20,"column":18}},"5":{"start":{"line":23,"column":0},"end":{"line":23,"column":24}}},"fnMap":{"0":{"name":"omitBy","decl":{"start":{"line":13,"column":10},"end":{"line":13,"column":16}},"loc":{"start":{"line":13,"column":28},"end":{"line":21,"column":1}},"line":13}},"branchMap":{"0":{"loc":{"start":{"line":16,"column":8},"end":{"line":18,"column":9}},"type":"if","locations":[{"start":{"line":16,"column":8},"end":{"line":18,"column":9}},{"start":{},"end":{}}],"line":16}},"s":{"0":1,"1":1,"2":5,"3":2,"4":1,"5":1},"f":{"0":1},"b":{"0":[2,3]},"_coverageSchema":"1a1c01bbd47fc00a2c39e90264f33305004495a9","hash":"2b2a3f837efadcddf60d0a9ac725653f56ba44d8"}
,"C:\\Users\\Aratorn\\Desktop\\Custom-Lodash\\source\\objects\\pick.js": {"path":"C:\\Users\\Aratorn\\Desktop\\Custom-Lodash\\source\\objects\\pick.js","statementMap":{"0":{"start":{"line":10,"column":16},"end":{"line":10,"column":18}},"1":{"start":{"line":11,"column":4},"end":{"line":17,"column":5}},"2":{"start":{"line":12,"column":8},"end":{"line":16,"column":9}},"3":{"start":{"line":13,"column":12},"end":{"line":15,"column":13}},"4":{"start":{"line":14,"column":16},"end":{"line":14,"column":40}},"5":{"start":{"line":18,"column":4},"end":{"line":18,"column":15}},"6":{"start":{"line":21,"column":0},"end":{"line":21,"column":22}}},"fnMap":{"0":{"name":"pick","decl":{"start":{"line":9,"column":10},"end":{"line":9,"column":14}},"loc":{"start":{"line":9,"column":30},"end":{"line":19,"column":1}},"line":9}},"branchMap":{"0":{"loc":{"start":{"line":13,"column":12},"end":{"line":15,"column":13}},"type":"if","locations":[{"start":{"line":13,"column":12},"end":{"line":15,"column":13}},{"start":{},"end":{}}],"line":13}},"s":{"0":1,"1":1,"2":3,"3":6,"4":2,"5":1,"6":1},"f":{"0":1},"b":{"0":[2,4]},"_coverageSchema":"1a1c01bbd47fc00a2c39e90264f33305004495a9","hash":"84b8da1297153a52d0f8e09e5bfe7c0902a48944"}
,"C:\\Users\\Aratorn\\Desktop\\Custom-Lodash\\source\\objects\\pickBy.js": {"path":"C:\\Users\\Aratorn\\Desktop\\Custom-Lodash\\source\\objects\\pickBy.js","statementMap":{"0":{"start":{"line":11,"column":17},"end":{"line":11,"column":19}},"1":{"start":{"line":13,"column":2},"end":{"line":17,"column":3}},"2":{"start":{"line":14,"column":4},"end":{"line":16,"column":5}},"3":{"start":{"line":15,"column":6},"end":{"line":15,"column":29}},"4":{"start":{"line":18,"column":2},"end":{"line":18,"column":16}},"5":{"start":{"line":21,"column":2},"end":{"line":21,"column":26}}},"fnMap":{"0":{"name":"pickBy","decl":{"start":{"line":10,"column":10},"end":{"line":10,"column":16}},"loc":{"start":{"line":10,"column":28},"end":{"line":19,"column":1}},"line":10}},"branchMap":{"0":{"loc":{"start":{"line":14,"column":4},"end":{"line":16,"column":5}},"type":"if","locations":[{"start":{"line":14,"column":4},"end":{"line":16,"column":5}},{"start":{},"end":{}}],"line":14}},"s":{"0":1,"1":1,"2":5,"3":3,"4":1,"5":1},"f":{"0":1},"b":{"0":[3,2]},"_coverageSchema":"1a1c01bbd47fc00a2c39e90264f33305004495a9","hash":"3e3b3001398278854dc6651bd65fc0f052cb561f"}
,"C:\\Users\\Aratorn\\Desktop\\Custom-Lodash\\source\\objects\\toPairs.js": {"path":"C:\\Users\\Aratorn\\Desktop\\Custom-Lodash\\source\\objects\\toPairs.js","statementMap":{"0":{"start":{"line":17,"column":0},"end":{"line":17,"column":25}}},"fnMap":{"0":{"name":"toPairs","decl":{"start":{"line":12,"column":10},"end":{"line":12,"column":17}},"loc":{"start":{"line":12,"column":26},"end":{"line":14,"column":1}},"line":12}},"branchMap":{},"s":{"0":1},"f":{"0":1},"b":{},"_coverageSchema":"1a1c01bbd47fc00a2c39e90264f33305004495a9","hash":"a45511d90f115ca32b62254ef30ea423a3492c77"}
}
