TN:
SF:source\Implemented\length.js
FN:7,length
FNF:1
FNH:1
FNDA:54,length
DA:8,54
DA:9,54
DA:10,191
DA:12,54
DA:15,9
LF:5
LH:5
BRF:0
BRH:0
end_of_record
TN:
SF:source\Implemented\push.js
FN:7,push
FNF:1
FNH:1
FNDA:25,push
DA:8,25
DA:11,8
LF:2
LH:2
BRF:0
BRH:0
end_of_record
TN:
SF:source\arrays\chunck.js
FN:12,chunk
FNF:1
FNH:1
FNDA:3,chunk
DA:1,1
DA:2,1
DA:13,3
DA:14,1
DA:16,2
DA:17,2
DA:18,8
DA:19,8
DA:20,8
DA:21,6
DA:22,6
DA:23,6
DA:26,2
DA:30,1
LF:14
LH:14
BRDA:12,0,0,1
BRDA:13,1,0,1
BRDA:13,1,1,2
BRDA:20,2,0,6
BRDA:20,2,1,2
BRDA:20,3,0,8
BRDA:20,3,1,3
BRF:7
BRH:7
end_of_record
TN:
SF:source\arrays\compact.js
FN:11,compact
FNF:1
FNH:1
FNDA:1,compact
DA:1,1
DA:2,1
DA:12,1
DA:13,1
DA:14,6
DA:15,3
DA:18,1
DA:21,1
LF:8
LH:8
BRDA:14,0,0,3
BRDA:14,0,1,3
BRF:2
BRH:2
end_of_record
TN:
SF:source\arrays\drop.js
FN:11,drop
FNF:1
FNH:1
FNDA:3,drop
DA:1,1
DA:2,1
DA:12,3
DA:13,3
DA:14,3
DA:16,3
DA:19,1
LF:7
LH:7
BRDA:11,0,0,1
BRF:1
BRH:1
end_of_record
TN:
SF:source\arrays\dropWhile.js
FN:13,dropWhile
FNF:1
FNH:1
FNDA:1,dropWhile
DA:1,1
DA:2,1
DA:14,1
DA:15,1
DA:16,1
DA:17,3
DA:18,1
DA:19,1
DA:23,1
DA:24,0
DA:26,1
DA:27,2
DA:29,1
DA:33,1
LF:14
LH:13
BRDA:17,0,0,1
BRDA:17,0,1,2
BRDA:23,1,0,0
BRDA:23,1,1,1
BRF:4
BRH:3
end_of_record
TN:
SF:source\arrays\filter.js
FN:12,filter
FNF:1
FNH:1
FNDA:1,filter
DA:1,1
DA:2,1
DA:13,1
DA:14,1
DA:15,2
DA:16,1
DA:19,1
DA:22,1
LF:8
LH:8
BRDA:15,0,0,1
BRDA:15,0,1,1
BRF:2
BRH:2
end_of_record
TN:
SF:source\arrays\find.js
FN:15,find
FNF:1
FNH:1
FNDA:1,find
DA:1,1
DA:2,1
DA:16,1
DA:17,1
DA:18,1
DA:19,1
DA:20,1
DA:23,1
DA:26,1
LF:9
LH:9
BRDA:15,0,0,1
BRDA:18,1,0,1
BRDA:18,1,1,0
BRF:3
BRH:2
end_of_record
TN:
SF:source\arrays\includes.js
FN:13,includes
FNF:1
FNH:1
FNDA:3,includes
DA:1,1
DA:14,3
DA:15,4
DA:16,2
DA:19,1
DA:22,1
LF:6
LH:6
BRDA:13,0,0,2
BRDA:15,1,0,2
BRDA:15,1,1,2
BRF:3
BRH:3
end_of_record
TN:
SF:source\arrays\map.js
FN:11,map
FN:11,(anonymous_1)
FNF:2
FNH:2
FNDA:3,map
FNDA:2,(anonymous_1)
DA:1,1
DA:2,1
DA:11,2
DA:13,3
DA:14,3
DA:16,3
DA:17,6
DA:18,6
DA:20,3
DA:23,1
LF:10
LH:10
BRDA:11,0,0,1
BRDA:13,1,0,2
BRDA:13,1,1,1
BRF:3
BRH:3
end_of_record
TN:
SF:source\arrays\take.js
FN:10,take
FNF:1
FNH:1
FNDA:4,take
DA:1,1
DA:2,1
DA:11,4
DA:12,4
DA:13,1
DA:15,3
DA:16,3
DA:18,3
DA:21,1
LF:9
LH:9
BRDA:10,0,0,1
BRDA:12,1,0,1
BRDA:12,1,1,3
BRF:3
BRH:3
end_of_record
TN:
SF:source\arrays\zip.js
FN:10,zip
FNF:1
FNH:1
FNDA:2,zip
DA:15,1
LF:1
LH:1
BRF:0
BRH:0
end_of_record
TN:
SF:source\objects\merge.js
FN:15,merge
FNF:1
FNH:1
FNDA:3,merge
DA:17,3
DA:18,8
DA:21,3
DA:24,1
LF:4
LH:4
BRF:0
BRH:0
end_of_record
TN:
SF:source\objects\omit.js
FN:10,omit
FNF:1
FNH:1
FNDA:1,omit
DA:11,1
DA:12,1
DA:13,3
DA:14,6
DA:15,2
DA:16,2
DA:20,1
DA:23,1
LF:8
LH:8
BRDA:14,0,0,2
BRDA:14,0,1,4
BRF:2
BRH:2
end_of_record
TN:
SF:source\objects\omitBy.js
FN:13,omitBy
FNF:1
FNH:1
FNDA:1,omitBy
DA:14,1
DA:15,1
DA:16,5
DA:17,2
DA:20,1
DA:23,1
LF:6
LH:6
BRDA:16,0,0,2
BRDA:16,0,1,3
BRF:2
BRH:2
end_of_record
TN:
SF:source\objects\pick.js
FN:9,pick
FNF:1
FNH:1
FNDA:1,pick
DA:10,1
DA:11,1
DA:12,3
DA:13,6
DA:14,2
DA:18,1
DA:21,1
LF:7
LH:7
BRDA:13,0,0,2
BRDA:13,0,1,4
BRF:2
BRH:2
end_of_record
TN:
SF:source\objects\pickBy.js
FN:10,pickBy
FNF:1
FNH:1
FNDA:1,pickBy
DA:11,1
DA:13,1
DA:14,5
DA:15,3
DA:18,1
DA:21,1
LF:6
LH:6
BRDA:14,0,0,3
BRDA:14,0,1,2
BRF:2
BRH:2
end_of_record
TN:
SF:source\objects\toPairs.js
FN:12,toPairs
FNF:1
FNH:1
FNDA:1,toPairs
DA:17,1
LF:1
LH:1
BRF:0
BRH:0
end_of_record
